[0m15:34:32.543531 [debug] [MainThread]: Sending event: {'category': 'dbt', 'action': 'invocation', 'label': 'start', 'context': [<snowplow_tracker.self_describing_json.SelfDescribingJson object at 0x7f9c07275900>, <snowplow_tracker.self_describing_json.SelfDescribingJson object at 0x7f9c06092b90>, <snowplow_tracker.self_describing_json.SelfDescribingJson object at 0x7f9c06090bb0>]}


============================== 15:34:32.558464 | a2e6fae4-61a7-4a51-98bf-40fc4b6af74e ==============================
[0m15:34:32.558464 [info ] [MainThread]: Running with dbt=1.9.0-a1
[0m15:34:32.560155 [debug] [MainThread]: running dbt with arguments {'printer_width': '80', 'indirect_selection': 'eager', 'log_cache_events': 'False', 'write_json': 'True', 'partial_parse': 'True', 'cache_selected_only': 'False', 'profiles_dir': '/home/melojleo/.dbt', 'debug': 'False', 'warn_error': 'None', 'log_path': 'logs', 'fail_fast': 'False', 'version_check': 'True', 'use_colors': 'True', 'use_experimental_parser': 'False', 'empty': 'None', 'quiet': 'False', 'no_print': 'None', 'log_format': 'default', 'static_parser': 'True', 'invocation_command': 'dbt init dbt-airbyte-etl', 'introspect': 'True', 'target_path': 'None', 'warn_error_options': 'WarnErrorOptions(include=[], exclude=[])', 'send_anonymous_usage_stats': 'True'}
[0m15:34:32.581230 [warn ] [MainThread]: [ConfigFolderDirectory]: Unable to parse dict {'dir': PosixPath('/home/melojleo/.dbt')}
[0m15:34:32.582320 [info ] [MainThread]: Creating dbt configuration folder at 
[0m15:35:35.687556 [debug] [MainThread]: Starter project path: /home/melojleo/.local/lib/python3.10/site-packages/dbt/include/starter_project
[0m15:35:35.695086 [info ] [MainThread]: 
Your new dbt project "dbt_airbyte_etl" was created!

For more information on how to configure the profiles.yml file,
please consult the dbt documentation here:

  https://docs.getdbt.com/docs/configure-your-profile

One more thing:

Need help? Don't hesitate to reach out to us via GitHub issues or on Slack:

  https://community.getdbt.com/

Happy modeling!

[0m15:35:35.696154 [info ] [MainThread]: Setting up your profile.
[0m15:39:47.268461 [info ] [MainThread]: Profile dbt_airbyte_etl written to /home/melojleo/.dbt/profiles.yml using target's profile_template.yml and your supplied values. Run 'dbt debug' to validate the connection.
[0m15:39:47.277846 [debug] [MainThread]: Resource report: {"command_name": "init", "command_success": true, "command_wall_clock_time": 314.86725, "process_user_time": 2.759559, "process_kernel_time": 0.368605, "process_mem_max_rss": "96496", "process_in_blocks": "48", "process_out_blocks": "88"}
[0m15:39:47.280246 [debug] [MainThread]: Command `dbt init` succeeded at 15:39:47.279795 after 314.87 seconds
[0m15:39:47.281659 [debug] [MainThread]: Sending event: {'category': 'dbt', 'action': 'invocation', 'label': 'end', 'context': [<snowplow_tracker.self_describing_json.SelfDescribingJson object at 0x7f9c07275900>, <snowplow_tracker.self_describing_json.SelfDescribingJson object at 0x7f9c067d42b0>, <snowplow_tracker.self_describing_json.SelfDescribingJson object at 0x7f9c060d98d0>]}
[0m15:39:47.285857 [debug] [MainThread]: Flushing usage events
